INFO [10-01|19:09:49.530] Starting Geth on Ethereum mainnet... 
INFO [10-01|19:09:49.530] Bumping default cache on mainnet         provided=1024 updated=4096
WARN [10-01|19:09:49.530] Sanitizing cache to Go's GC limits       provided=4096 updated=2485
INFO [10-01|19:09:49.531] Maximum peer count                       ETH=50 LES=0 total=50
INFO [10-01|19:09:49.531] Smartcard socket not found, disabling    err="stat /run/pcscd/pcscd.comm: no such file or directory"
INFO [10-01|19:09:49.532] Set global gas cap                       cap=25000000
WARN [10-01|19:09:49.534] Found deprecated node list file /home/nicholson/Code/devnet/node1/static-nodes.json, please use the TOML config file instead. 
INFO [10-01|19:09:49.534] Starting peer-to-peer node               instance=Geth/v1.9.18-stable-f5382591/linux-amd64/go1.14.2
WARN [10-01|19:09:49.534] Sanitizing invalid miner gas price       provided=0    updated=0
INFO [10-01|19:09:49.534] Allocated trie memory caches             clean=372.00MiB dirty=621.00MiB
INFO [10-01|19:09:49.534] Allocated cache and file handles         database=/home/nicholson/Code/devnet/node1/geth/chaindata cache=1.21GiB handles=2048
INFO [10-01|19:09:49.656] Opened ancient database                  database=/home/nicholson/Code/devnet/node1/geth/chaindata/ancient
INFO [10-01|19:09:49.656] Initialised chain configuration          config="{ChainID: 1515 Homestead: 0 DAO: <nil> DAOSupport: false EIP150: 0 EIP155: 0 EIP158: 0 Byzantium: 0 Constantinople: 0 Petersburg: 0 Istanbul: 0, Muir Glacier: <nil>, YOLO v1: <nil>, Engine: clique}"
INFO [10-01|19:09:49.656] Initialising Ethereum protocol           versions="[65 64 63]" network=1 dbversion=7
INFO [10-01|19:09:49.657] Loaded most recent local header          number=1 hash="10a861…8c6394" td=2 age=3h29m26s
INFO [10-01|19:09:49.657] Loaded most recent local full block      number=1 hash="10a861…8c6394" td=2 age=3h29m26s
INFO [10-01|19:09:49.657] Loaded most recent local fast block      number=1 hash="10a861…8c6394" td=2 age=3h29m26s
INFO [10-01|19:09:49.657] Loaded local transaction journal         transactions=0 dropped=0
INFO [10-01|19:09:49.657] Regenerated local transaction journal    transactions=0 accounts=0
INFO [10-01|19:09:49.679] New local node record                    seq=9 id=fb40ba9c51244e04 ip=127.0.0.1 udp=30310 tcp=30310
INFO [10-01|19:09:49.680] Started P2P networking                   self=enode://6317be46891ff4314b44a321b72143052afc48cd4d4b1cf9c9d81545fe8ab463a75de5320508c352d7857ba87f993870dbfcdf4807eefc6fa6d9ae564953e088@127.0.0.1:30310
INFO [10-01|19:09:49.681] IPC endpoint opened                      url=/home/nicholson/Code/devnet/node1/geth.ipc
INFO [10-01|19:09:49.682] HTTP endpoint opened                     url=http://127.0.0.1:8545/ cors= vhosts=localhost
Fatal: Failed to unlock account 0xe3bf59b763d69cd3e05dc16d3f5a5b10ba96c521 (no key for given address or file)
