INFO [10-01|19:10:03.759] Starting Geth on Ethereum mainnet... 
INFO [10-01|19:10:03.759] Bumping default cache on mainnet         provided=1024 updated=4096
WARN [10-01|19:10:03.759] Sanitizing cache to Go's GC limits       provided=4096 updated=2485
INFO [10-01|19:10:03.760] Maximum peer count                       ETH=50 LES=0 total=50
INFO [10-01|19:10:03.760] Smartcard socket not found, disabling    err="stat /run/pcscd/pcscd.comm: no such file or directory"
INFO [10-01|19:10:03.760] Set global gas cap                       cap=25000000
WARN [10-01|19:10:03.760] Found deprecated node list file /home/nicholson/Code/devnet/node2/static-nodes.json, please use the TOML config file instead. 
INFO [10-01|19:10:03.761] Starting peer-to-peer node               instance=Geth/v1.9.18-stable-f5382591/linux-amd64/go1.14.2
WARN [10-01|19:10:03.761] Sanitizing invalid miner gas price       provided=0    updated=0
INFO [10-01|19:10:03.761] Allocated trie memory caches             clean=372.00MiB dirty=621.00MiB
INFO [10-01|19:10:03.761] Allocated cache and file handles         database=/home/nicholson/Code/devnet/node2/geth/chaindata cache=1.21GiB handles=2048
INFO [10-01|19:10:03.890] Opened ancient database                  database=/home/nicholson/Code/devnet/node2/geth/chaindata/ancient
INFO [10-01|19:10:03.890] Initialised chain configuration          config="{ChainID: 1515 Homestead: 0 DAO: <nil> DAOSupport: false EIP150: 0 EIP155: 0 EIP158: 0 Byzantium: 0 Constantinople: 0 Petersburg: 0 Istanbul: 0, Muir Glacier: <nil>, YOLO v1: <nil>, Engine: clique}"
INFO [10-01|19:10:03.890] Initialising Ethereum protocol           versions="[65 64 63]" network=1 dbversion=7
INFO [10-01|19:10:03.891] Loaded most recent local header          number=1 hash="26eecd…f5b986" td=3 age=3h26m27s
INFO [10-01|19:10:03.891] Loaded most recent local full block      number=1 hash="26eecd…f5b986" td=3 age=3h26m27s
INFO [10-01|19:10:03.891] Loaded most recent local fast block      number=1 hash="26eecd…f5b986" td=3 age=3h26m27s
INFO [10-01|19:10:03.891] Loaded local transaction journal         transactions=0 dropped=0
INFO [10-01|19:10:03.891] Regenerated local transaction journal    transactions=0 accounts=0
INFO [10-01|19:10:03.916] New local node record                    seq=6 id=e4009a160c53fbe2 ip=127.0.0.1 udp=30311 tcp=30311
INFO [10-01|19:10:03.918] Started P2P networking                   self=enode://e976ce86697cff2cd97d0d7048f6c2ae98175e365f8548db4e7f80af2952dd171d91eaceaf5e702198a917f5f4e361ed582ce47d6226565f06c9008167c6f911@127.0.0.1:30311
INFO [10-01|19:10:03.919] IPC endpoint opened                      url=/home/nicholson/Code/devnet/node2/geth.ipc
INFO [10-01|19:10:03.919] HTTP endpoint opened                     url=http://127.0.0.1:8546/ cors= vhosts=localhost
INFO [10-01|19:10:04.614] Unlocked account                         address=0xE3Bf59B763D69CD3e05Dc16d3F5a5B10bA96C521
INFO [10-01|19:10:04.614] Transaction pool price threshold updated price=0
INFO [10-01|19:10:04.614] Transaction pool price threshold updated price=0
INFO [10-01|19:10:04.614] Etherbase automatically configured       address=0xE3Bf59B763D69CD3e05Dc16d3F5a5B10bA96C521
INFO [10-01|19:10:04.614] Commit new mining work                   number=2 sealhash="555917…e5a37a" uncles=0 txs=0 gas=0 fees=0 elapsed="90.899µs"
INFO [10-01|19:10:04.614] Signed recently, must wait for others 
INFO [10-01|19:10:13.917] Looking for peers                        peercount=0 tried=4 static=2
INFO [10-01|19:10:16.545] New local node record                    seq=7 id=e4009a160c53fbe2 ip=175.159.182.84 udp=59610 tcp=30311
INFO [10-01|19:10:23.936] Looking for peers                        peercount=0 tried=4 static=2
INFO [10-01|19:10:33.948] Looking for peers                        peercount=0 tried=4 static=2
INFO [10-01|19:10:43.950] Looking for peers                        peercount=0 tried=4 static=2
INFO [10-01|19:10:53.953] Looking for peers                        peercount=0 tried=5 static=2
INFO [10-01|19:11:04.167] Looking for peers                        peercount=0 tried=4 static=2
INFO [10-01|19:11:14.170] Looking for peers                        peercount=0 tried=5 static=2
INFO [10-01|19:11:24.173] Looking for peers                        peercount=0 tried=4 static=2
INFO [10-01|19:11:34.199] Looking for peers                        peercount=0 tried=4 static=2
INFO [10-01|19:11:44.203] Looking for peers                        peercount=0 tried=3 static=2
INFO [10-01|19:11:54.207] Looking for peers                        peercount=0 tried=6 static=2
INFO [10-01|19:12:04.207] Looking for peers                        peercount=0 tried=4 static=2
INFO [10-01|19:12:14.208] Looking for peers                        peercount=0 tried=4 static=2
INFO [10-01|19:12:24.209] Looking for peers                        peercount=0 tried=5 static=2
INFO [10-01|19:12:34.211] Looking for peers                        peercount=0 tried=3 static=2
INFO [10-01|19:12:44.258] Looking for peers                        peercount=0 tried=2 static=2
INFO [10-01|19:12:54.267] Looking for peers                        peercount=0 tried=4 static=2
INFO [10-01|19:13:04.274] Looking for peers                        peercount=0 tried=5 static=2
INFO [10-01|19:13:14.275] Looking for peers                        peercount=0 tried=6 static=2
INFO [10-01|19:13:24.285] Looking for peers                        peercount=0 tried=5 static=2
INFO [10-01|19:13:34.323] Looking for peers                        peercount=0 tried=3 static=2
INFO [10-01|19:13:44.337] Looking for peers                        peercount=0 tried=4 static=2
INFO [10-01|19:13:54.338] Looking for peers                        peercount=0 tried=5 static=2
INFO [10-01|19:14:04.396] Looking for peers                        peercount=0 tried=3 static=2
INFO [10-01|19:14:14.398] Looking for peers                        peercount=0 tried=4 static=2
INFO [10-01|19:14:24.399] Looking for peers                        peercount=0 tried=5 static=2
INFO [10-01|19:14:36.934] Looking for peers                        peercount=0 tried=6 static=2
INFO [10-01|19:14:46.935] Looking for peers                        peercount=0 tried=5 static=2
INFO [10-01|19:14:56.944] Looking for peers                        peercount=0 tried=4 static=2
INFO [10-01|19:15:06.947] Looking for peers                        peercount=0 tried=4 static=2
INFO [10-01|19:15:16.948] Looking for peers                        peercount=0 tried=4 static=2
INFO [10-01|19:15:26.949] Looking for peers                        peercount=0 tried=5 static=2
INFO [10-01|19:15:36.950] Looking for peers                        peercount=0 tried=2 static=2
INFO [10-01|19:15:46.951] Looking for peers                        peercount=0 tried=4 static=2
INFO [10-01|19:15:56.952] Looking for peers                        peercount=0 tried=4 static=2
INFO [10-01|19:16:06.953] Looking for peers                        peercount=0 tried=3 static=2
INFO [10-01|19:16:16.957] Looking for peers                        peercount=0 tried=8 static=2
INFO [10-01|19:16:26.958] Looking for peers                        peercount=0 tried=3 static=2
INFO [10-01|19:16:36.959] Looking for peers                        peercount=0 tried=4 static=2
INFO [10-01|19:16:46.959] Looking for peers                        peercount=0 tried=5 static=2
INFO [10-01|19:17:00.980] Looking for peers                        peercount=0 tried=3 static=2
INFO [10-01|19:17:10.981] Looking for peers                        peercount=0 tried=5 static=2
INFO [10-01|19:17:20.983] Looking for peers                        peercount=0 tried=4 static=2
INFO [10-01|19:17:30.984] Looking for peers                        peercount=0 tried=3 static=2
INFO [10-01|19:17:40.998] Looking for peers                        peercount=0 tried=6 static=2
INFO [10-01|19:17:51.150] Looking for peers                        peercount=0 tried=4 static=2
INFO [10-01|19:18:01.151] Looking for peers                        peercount=0 tried=4 static=2
INFO [10-01|19:18:11.152] Looking for peers                        peercount=0 tried=4 static=2
INFO [10-01|19:18:21.154] Looking for peers                        peercount=0 tried=4 static=2
INFO [10-01|19:18:31.157] Looking for peers                        peercount=0 tried=5 static=2
INFO [10-01|19:18:41.160] Looking for peers                        peercount=0 tried=4 static=2
INFO [10-01|19:18:51.162] Looking for peers                        peercount=0 tried=5 static=2
INFO [10-01|19:19:01.163] Looking for peers                        peercount=0 tried=4 static=2
INFO [10-01|19:19:11.165] Looking for peers                        peercount=0 tried=4 static=2
INFO [10-01|19:19:21.186] Looking for peers                        peercount=0 tried=4 static=2
INFO [10-01|19:19:31.187] Looking for peers                        peercount=0 tried=4 static=2
INFO [10-01|19:19:41.189] Looking for peers                        peercount=0 tried=4 static=2
INFO [10-01|19:19:51.194] Looking for peers                        peercount=0 tried=3 static=2
INFO [10-01|19:20:01.202] Looking for peers                        peercount=0 tried=6 static=2
INFO [10-01|19:20:11.203] Looking for peers                        peercount=0 tried=3 static=2
INFO [10-01|19:20:21.208] Looking for peers                        peercount=0 tried=5 static=2
INFO [10-01|19:20:31.212] Looking for peers                        peercount=0 tried=5 static=2
INFO [10-01|19:20:41.213] Looking for peers                        peercount=0 tried=5 static=2
INFO [10-01|19:20:51.217] Looking for peers                        peercount=0 tried=4 static=2
INFO [10-01|19:21:02.946] Looking for peers                        peercount=0 tried=4 static=2
INFO [10-01|19:21:12.962] Looking for peers                        peercount=0 tried=5 static=2
INFO [10-01|19:21:22.964] Looking for peers                        peercount=0 tried=4 static=2
INFO [10-01|19:21:32.965] Looking for peers                        peercount=0 tried=4 static=2
INFO [10-01|19:21:42.967] Looking for peers                        peercount=0 tried=4 static=2
INFO [10-01|19:21:52.969] Looking for peers                        peercount=0 tried=5 static=2
INFO [10-01|19:22:02.974] Looking for peers                        peercount=0 tried=4 static=2
INFO [10-01|19:22:12.976] Looking for peers                        peercount=0 tried=4 static=2
INFO [10-01|19:22:22.979] Looking for peers                        peercount=0 tried=4 static=2
INFO [10-01|19:22:32.979] Looking for peers                        peercount=0 tried=4 static=2
INFO [10-01|19:22:42.987] Looking for peers                        peercount=0 tried=5 static=2
INFO [10-01|19:22:52.989] Looking for peers                        peercount=0 tried=4 static=2
INFO [10-01|19:23:02.989] Looking for peers                        peercount=0 tried=5 static=2
INFO [10-01|19:23:12.993] Looking for peers                        peercount=0 tried=3 static=2
INFO [10-01|19:23:22.995] Looking for peers                        peercount=0 tried=4 static=2
INFO [10-01|19:23:32.996] Looking for peers                        peercount=0 tried=5 static=2
INFO [10-01|19:23:43.022] Looking for peers                        peercount=0 tried=4 static=2
INFO [10-01|19:23:53.031] Looking for peers                        peercount=0 tried=5 static=2
INFO [10-01|19:24:03.266] Looking for peers                        peercount=0 tried=4 static=2
INFO [10-01|19:24:13.268] Looking for peers                        peercount=0 tried=5 static=2
INFO [10-01|19:24:23.274] Looking for peers                        peercount=0 tried=1 static=2
INFO [10-01|19:24:33.275] Looking for peers                        peercount=0 tried=7 static=2
INFO [10-01|19:24:43.277] Looking for peers                        peercount=0 tried=5 static=2
INFO [10-01|19:24:53.279] Looking for peers                        peercount=0 tried=3 static=2
INFO [10-01|19:25:03.282] Looking for peers                        peercount=0 tried=5 static=2
INFO [10-01|19:25:13.283] Looking for peers                        peercount=0 tried=2 static=2
INFO [10-01|19:25:23.284] Looking for peers                        peercount=0 tried=3 static=2
INFO [10-01|19:25:33.287] Looking for peers                        peercount=0 tried=5 static=2
INFO [10-01|19:25:43.289] Looking for peers                        peercount=0 tried=6 static=2
INFO [10-01|19:25:57.213] Looking for peers                        peercount=0 tried=6 static=2
INFO [10-01|19:26:07.214] Looking for peers                        peercount=0 tried=4 static=2
INFO [10-01|19:26:17.413] Looking for peers                        peercount=0 tried=4 static=2
INFO [10-01|19:26:27.414] Looking for peers                        peercount=0 tried=5 static=2
INFO [10-01|19:26:37.417] Looking for peers                        peercount=0 tried=4 static=2
INFO [10-01|19:26:47.437] Looking for peers                        peercount=0 tried=3 static=2
INFO [10-01|19:26:57.440] Looking for peers                        peercount=0 tried=3 static=2
INFO [10-01|19:27:07.450] Looking for peers                        peercount=0 tried=5 static=2
INFO [10-01|19:27:17.456] Looking for peers                        peercount=0 tried=5 static=2
INFO [10-01|19:27:27.459] Looking for peers                        peercount=0 tried=5 static=2
INFO [10-01|19:27:37.469] Looking for peers                        peercount=0 tried=4 static=2
INFO [10-01|19:27:47.472] Looking for peers                        peercount=0 tried=3 static=2
INFO [10-01|19:27:57.475] Looking for peers                        peercount=0 tried=3 static=2
INFO [10-01|19:28:07.531] Looking for peers                        peercount=0 tried=1 static=2
INFO [10-01|19:28:17.550] Looking for peers                        peercount=0 tried=9 static=2
INFO [10-01|19:28:27.553] Looking for peers                        peercount=0 tried=5 static=2
INFO [10-01|19:28:37.554] Looking for peers                        peercount=0 tried=5 static=2
INFO [10-01|19:28:47.556] Looking for peers                        peercount=0 tried=4 static=2
INFO [10-01|19:28:57.607] Looking for peers                        peercount=0 tried=4 static=2
INFO [10-01|19:29:10.194] Looking for peers                        peercount=0 tried=4 static=2
INFO [10-01|19:29:20.195] Looking for peers                        peercount=0 tried=4 static=2
INFO [10-01|19:29:30.209] Looking for peers                        peercount=0 tried=3 static=2
INFO [10-01|19:29:40.211] Looking for peers                        peercount=0 tried=5 static=2
INFO [10-01|19:29:50.212] Looking for peers                        peercount=0 tried=4 static=2
INFO [10-01|19:30:00.339] Looking for peers                        peercount=0 tried=4 static=2
INFO [10-01|19:30:10.340] Looking for peers                        peercount=0 tried=5 static=2
INFO [10-01|19:30:20.627] Looking for peers                        peercount=0 tried=4 static=2
INFO [10-01|19:30:30.629] Looking for peers                        peercount=0 tried=4 static=2
INFO [10-01|19:30:40.633] Looking for peers                        peercount=0 tried=3 static=2
INFO [10-01|19:30:50.644] Looking for peers                        peercount=0 tried=4 static=2
INFO [10-01|19:31:00.645] Looking for peers                        peercount=0 tried=5 static=2
INFO [10-01|19:31:10.647] Looking for peers                        peercount=0 tried=4 static=2
INFO [10-01|19:31:20.647] Looking for peers                        peercount=0 tried=2 static=2
INFO [10-01|19:31:30.657] Looking for peers                        peercount=0 tried=5 static=2
INFO [10-01|19:31:40.660] Looking for peers                        peercount=0 tried=6 static=2
INFO [10-01|19:31:50.662] Looking for peers                        peercount=0 tried=3 static=2
INFO [10-01|19:32:00.664] Looking for peers                        peercount=0 tried=5 static=2
INFO [10-01|19:32:10.664] Looking for peers                        peercount=0 tried=3 static=2
